Using pre-set license
Built from '2020.3/staging' branch; Version is '2020.3.24f1 (79c78de19888) revision 7980941'; Using compiler version '192528614'; Build Type 'Release'
OS: 'Windows 10  (10.0.19041) 64bit Professional' Language: 'ko' Physical Memory: 16266 MB
BatchMode: 1, IsHumanControllingUs: 0, StartBugReporterOnCrash: 0, Is64bit: 1, IsPro: 0

COMMAND LINE ARGUMENTS:
C:\Program Files\Unity\Hub\Editor\2020.3.24f1\Editor\Unity.exe
-adb2
-batchMode
-noUpm
-name
AssetImportWorker0
-projectPath
D:/unity/Github/Run_Game/My project
-logFile
Logs/AssetImportWorker0.log
-srvPort
56464
Successfully changed project path to: D:/unity/Github/Run_Game/My project
D:/unity/Github/Run_Game/My project
Using Asset Import Pipeline V2.
Refreshing native plugins compatible for Editor in 49.45 ms, found 3 plugins.
Preloading 0 native plugins for Editor in 0.00 ms.
Initialize engine version: 2020.3.24f1 (79c78de19888)
[Subsystems] Discovering subsystems at path C:/Program Files/Unity/Hub/Editor/2020.3.24f1/Editor/Data/Resources/UnitySubsystems
[Subsystems] Discovering subsystems at path D:/unity/Github/Run_Game/My project/Assets
GfxDevice: creating device client; threaded=0
Direct3D:
    Version:  Direct3D 11.0 [level 11.1]
    Renderer: NVIDIA GeForce GTX 1060 3GB (ID=0x1b84)
    Vendor:   
    VRAM:     2988 MB
    Driver:   27.21.14.5671
Initialize mono
Mono path[0] = 'C:/Program Files/Unity/Hub/Editor/2020.3.24f1/Editor/Data/Managed'
Mono path[1] = 'C:/Program Files/Unity/Hub/Editor/2020.3.24f1/Editor/Data/MonoBleedingEdge/lib/mono/unityjit'
Mono config path = 'C:/Program Files/Unity/Hub/Editor/2020.3.24f1/Editor/Data/MonoBleedingEdge/etc'
Using monoOptions --debugger-agent=transport=dt_socket,embedding=1,server=y,suspend=n,address=127.0.0.1:56600
Begin MonoManager ReloadAssembly
Registering precompiled unity dll's ...
Register platform support module: C:/Program Files/Unity/Hub/Editor/2020.3.24f1/Editor/Data/PlaybackEngines/WebGLSupport/UnityEditor.WebGL.Extensions.dll
Register platform support module: C:/Program Files/Unity/Hub/Editor/2020.3.24f1/Editor/Data/PlaybackEngines/WindowsStandaloneSupport/UnityEditor.WindowsStandalone.Extensions.dll
Registered in 0.003202 seconds.
Native extension for WindowsStandalone target not found
Native extension for WebGL target not found
Refreshing native plugins compatible for Editor in 47.69 ms, found 3 plugins.
Preloading 0 native plugins for Editor in 0.00 ms.
Mono: successfully reloaded assembly
- Completed reload, in  0.618 seconds
Domain Reload Profiling:
	ReloadAssembly (618ms)
		BeginReloadAssembly (59ms)
			ExecutionOrderSort (0ms)
			DisableScriptedObjects (0ms)
			BackupInstance (0ms)
			ReleaseScriptingObjects (0ms)
			CreateAndSetChildDomain (1ms)
		EndReloadAssembly (478ms)
			LoadAssemblies (57ms)
			RebuildTransferFunctionScriptingTraits (0ms)
			SetupTypeCache (161ms)
			ReleaseScriptCaches (0ms)
			RebuildScriptCaches (31ms)
			SetupLoadedEditorAssemblies (178ms)
				LogAssemblyErrors (0ms)
				InitializePlatformSupportModulesInManaged (5ms)
				SetLoadedEditorAssemblies (0ms)
				RefreshPlugins (48ms)
				BeforeProcessingInitializeOnLoad (17ms)
				ProcessInitializeOnLoadAttributes (80ms)
				ProcessInitializeOnLoadMethodAttributes (27ms)
				AfterProcessingInitializeOnLoad (0ms)
				EditorAssembliesLoaded (0ms)
			ExecutionOrderSort2 (0ms)
			AwakeInstancesAfterBackupRestoration (0ms)
Platform modules already initialized, skipping
Registering precompiled user dll's ...
Registered in 0.004404 seconds.
Begin MonoManager ReloadAssembly
Native extension for WindowsStandalone target not found
Native extension for WebGL target not found
Refreshing native plugins compatible for Editor in 47.16 ms, found 3 plugins.
Preloading 0 native plugins for Editor in 0.00 ms.
Mono: successfully reloaded assembly
- Completed reload, in  1.177 seconds
Domain Reload Profiling:
	ReloadAssembly (1177ms)
		BeginReloadAssembly (152ms)
			ExecutionOrderSort (0ms)
			DisableScriptedObjects (5ms)
			BackupInstance (0ms)
			ReleaseScriptingObjects (0ms)
			CreateAndSetChildDomain (19ms)
		EndReloadAssembly (958ms)
			LoadAssemblies (95ms)
			RebuildTransferFunctionScriptingTraits (0ms)
			SetupTypeCache (321ms)
			ReleaseScriptCaches (0ms)
			RebuildScriptCaches (54ms)
			SetupLoadedEditorAssemblies (358ms)
				LogAssemblyErrors (0ms)
				InitializePlatformSupportModulesInManaged (5ms)
				SetLoadedEditorAssemblies (0ms)
				RefreshPlugins (47ms)
				BeforeProcessingInitializeOnLoad (84ms)
				ProcessInitializeOnLoadAttributes (197ms)
				ProcessInitializeOnLoadMethodAttributes (17ms)
				AfterProcessingInitializeOnLoad (8ms)
				EditorAssembliesLoaded (0ms)
			ExecutionOrderSort2 (0ms)
			AwakeInstancesAfterBackupRestoration (7ms)
Platform modules already initialized, skipping
========================================================================
Worker process is ready to serve import requests
Launched and connected shader compiler UnityShaderCompiler.exe after 0.07 seconds
Refreshing native plugins compatible for Editor in 0.46 ms, found 3 plugins.
Preloading 0 native plugins for Editor in 0.00 ms.
Unloading 2195 Unused Serialized files (Serialized files now loaded: 0)
System memory in use before: 98.4 MB.
System memory in use after: 98.5 MB.

Unloading 28 unused Assets to reduce memory usage. Loaded Objects now: 2628.
Total: 3.018400 ms (FindLiveObjects: 0.206100 ms CreateObjectMapping: 0.111400 ms MarkObjects: 2.634500 ms  DeleteObjects: 0.065300 ms)

AssetImportParameters requested are different than current active one (requested -> active):
  custom:framework-win-MediaFoundation: 216162199b28c13a410421893ffa2e32 -> 
  custom:video-decoder-ogg-theora: a1e56fd34408186e4bbccfd4996cb3dc -> 
  custom:container-muxer-webm: aa71ff27fc2769a1b78a27578f13a17b -> 
  custom:container-demuxer-webm: 4f35f7cbe854078d1ac9338744f61a02 -> 
  custom:container-demuxer-ogg: 62fdf1f143b41e24485cea50d1cbac27 -> 
  custom:video-encoder-webm-vp8: eb34c28f22e8b96e1ab97ce403110664 -> 
  custom:video-decoder-webm-vp8: 9c59270c3fd7afecdb556c50c9e8de78 -> 
  custom:audio-decoder-ogg-vorbis: bf7c407c2cedff20999df2af8eb42d56 -> 
  custom:audio-encoder-webm-vorbis: bf7c407c2cedff20999df2af8eb42d56 -> 
========================================================================
Received Import Request.
  path: Assets/Scenes
  artifactKey: Guid(139742a6e2a850a40a437fa00724cab7) Importer(815301076,1909f56bfc062723c751e8b465ee728b)
Start importing Assets/Scenes using Guid(139742a6e2a850a40a437fa00724cab7) Importer(815301076,1909f56bfc062723c751e8b465ee728b)  -> (artifact id: '48a92d47a27b9329e872f0299a526cfa') in 0.006909 seconds 
  Import took 0.010045 seconds .

========================================================================
Received Import Request.
  Time since last request: 3.677180 seconds.
  path: Assets/Simple 2D Platformer BE2/App Icon.png
  artifactKey: Guid(c0ced59eb0176454886bbc0407e71090) Importer(815301076,1909f56bfc062723c751e8b465ee728b)
Start importing Assets/Simple 2D Platformer BE2/App Icon.png using Guid(c0ced59eb0176454886bbc0407e71090) Importer(815301076,1909f56bfc062723c751e8b465ee728b)  -> (artifact id: '99aab4d572843d6d8f34532d8e054fa4') in 0.120871 seconds 
  Import took 0.124329 seconds .

========================================================================
Received Import Request.
  Time since last request: 0.000193 seconds.
  path: Assets/Simple 2D Platformer BE2/Readme.asset
  artifactKey: Guid(53e51aee442d4ef479557f25a7bd3230) Importer(815301076,1909f56bfc062723c751e8b465ee728b)
Start importing Assets/Simple 2D Platformer BE2/Readme.asset using Guid(53e51aee442d4ef479557f25a7bd3230) Importer(815301076,1909f56bfc062723c751e8b465ee728b)  -> (artifact id: 'b814a4d81eebb6d6ef9520e0ca1fa504') in 0.007687 seconds 
  Import took 0.010875 seconds .

========================================================================
Received Import Request.
  Time since last request: 7.246449 seconds.
  path: Assets/Simple 2D Platformer BE2/ReadMe/Icon.png
  artifactKey: Guid(6b868ddfc4bbd9b4d83c6c2708775a36) Importer(815301076,1909f56bfc062723c751e8b465ee728b)
Start importing Assets/Simple 2D Platformer BE2/ReadMe/Icon.png using Guid(6b868ddfc4bbd9b4d83c6c2708775a36) Importer(815301076,1909f56bfc062723c751e8b465ee728b)  -> (artifact id: 'a793313470f35564ecda9502a4ea00af') in 0.014277 seconds 
  Import took 0.017692 seconds .

========================================================================
Received Import Request.
  Time since last request: 0.542328 seconds.
  path: Assets/Simple 2D Platformer BE2/Sprites/Coins.png
  artifactKey: Guid(274d64617113287499ed1c4165d1d8f3) Importer(815301076,1909f56bfc062723c751e8b465ee728b)
Start importing Assets/Simple 2D Platformer BE2/Sprites/Coins.png using Guid(274d64617113287499ed1c4165d1d8f3) Importer(815301076,1909f56bfc062723c751e8b465ee728b)  -> (artifact id: '2132d059d4d1eed3893c2b4f54f4b652') in 0.053657 seconds 
  Import took 0.057197 seconds .

========================================================================
Received Import Request.
  Time since last request: 0.000185 seconds.
  path: Assets/Simple 2D Platformer BE2/Sprites/Objects.png
  artifactKey: Guid(f73dfe034c22cfc41bd7e8799020a5ac) Importer(815301076,1909f56bfc062723c751e8b465ee728b)
Start importing Assets/Simple 2D Platformer BE2/Sprites/Objects.png using Guid(f73dfe034c22cfc41bd7e8799020a5ac) Importer(815301076,1909f56bfc062723c751e8b465ee728b)  -> (artifact id: 'b406375172597ccf4e392e9de533bd7e') in 0.018530 seconds 
  Import took 0.021932 seconds .

========================================================================
Received Import Request.
  Time since last request: 0.000197 seconds.
  path: Assets/Simple 2D Platformer BE2/Sprites/Platforms.png
  artifactKey: Guid(e85c6e02fda4a004b84664f435ad4d73) Importer(815301076,1909f56bfc062723c751e8b465ee728b)
Start importing Assets/Simple 2D Platformer BE2/Sprites/Platforms.png using Guid(e85c6e02fda4a004b84664f435ad4d73) Importer(815301076,1909f56bfc062723c751e8b465ee728b)  -> (artifact id: '21fdd80dabb279def4abecf51518f2d7') in 0.060422 seconds 
  Import took 0.063898 seconds .

========================================================================
Received Import Request.
  Time since last request: 0.000255 seconds.
  path: Assets/Simple 2D Platformer BE2/Sprites/Enemy.png
  artifactKey: Guid(5d4daff38e3d9174b873918abcf2c1d4) Importer(815301076,1909f56bfc062723c751e8b465ee728b)
Start importing Assets/Simple 2D Platformer BE2/Sprites/Enemy.png using Guid(5d4daff38e3d9174b873918abcf2c1d4) Importer(815301076,1909f56bfc062723c751e8b465ee728b)  -> (artifact id: '06cc7827525214132a1641a718b9c35f') in 0.031705 seconds 
  Import took 0.035242 seconds .

========================================================================
Received Import Request.
  Time since last request: 0.000191 seconds.
  path: Assets/Simple 2D Platformer BE2/Sprites/Player.png
  artifactKey: Guid(10f3cacccb0c4c547be76836eba20664) Importer(815301076,1909f56bfc062723c751e8b465ee728b)
Start importing Assets/Simple 2D Platformer BE2/Sprites/Player.png using Guid(10f3cacccb0c4c547be76836eba20664) Importer(815301076,1909f56bfc062723c751e8b465ee728b)  -> (artifact id: '08ee3ea0a4a199b84362563a98fb8340') in 0.032150 seconds 
  Import took 0.035347 seconds .

========================================================================
Received Import Request.
  Time since last request: 1.449380 seconds.
  path: Assets/TileMap/Bottom Left.asset
  artifactKey: Guid(6a2042c08a2baee46a9febc2a6be8353) Importer(815301076,1909f56bfc062723c751e8b465ee728b)
Start importing Assets/TileMap/Bottom Left.asset using Guid(6a2042c08a2baee46a9febc2a6be8353) Importer(815301076,1909f56bfc062723c751e8b465ee728b)  -> (artifact id: 'fa8729d8b0e0d6f1e40299eb571b8316') in 0.011747 seconds 
  Import took 0.015254 seconds .

========================================================================
Received Import Request.
  Time since last request: 0.000199 seconds.
  path: Assets/TileMap/Bottom.asset
  artifactKey: Guid(11df666ec766a5a4e9bea9ebc971d2a9) Importer(815301076,1909f56bfc062723c751e8b465ee728b)
Start importing Assets/TileMap/Bottom.asset using Guid(11df666ec766a5a4e9bea9ebc971d2a9) Importer(815301076,1909f56bfc062723c751e8b465ee728b)  -> (artifact id: '0afa2f137e44ad045232ac9af32f19fa') in 0.010800 seconds 
  Import took 0.013940 seconds .

========================================================================
Received Import Request.
  Time since last request: 0.000185 seconds.
  path: Assets/TileMap/TileMap.prefab
  artifactKey: Guid(674293af19918154bb5695b334ab06ff) Importer(815301076,1909f56bfc062723c751e8b465ee728b)
Start importing Assets/TileMap/TileMap.prefab using Guid(674293af19918154bb5695b334ab06ff) Importer(815301076,1909f56bfc062723c751e8b465ee728b)  -> (artifact id: '8351583df2cc5ccfaed8959729a864f6') in 0.034844 seconds 
  Import took 0.038206 seconds .

========================================================================
Received Import Request.
  Time since last request: 0.000187 seconds.
  path: Assets/TileMap/Single.asset
  artifactKey: Guid(e579de17501634f49a81651187006407) Importer(815301076,1909f56bfc062723c751e8b465ee728b)
Start importing Assets/TileMap/Single.asset using Guid(e579de17501634f49a81651187006407) Importer(815301076,1909f56bfc062723c751e8b465ee728b)  -> (artifact id: '314b4b89a590bd101eac6cbbfb8e3ffd') in 0.010443 seconds 
  Import took 0.013892 seconds .

========================================================================
Received Import Request.
  Time since last request: 0.000181 seconds.
  path: Assets/TileMap/Middle Left.asset
  artifactKey: Guid(6cb45c9591395984e8a27e26749dbf74) Importer(815301076,1909f56bfc062723c751e8b465ee728b)
Start importing Assets/TileMap/Middle Left.asset using Guid(6cb45c9591395984e8a27e26749dbf74) Importer(815301076,1909f56bfc062723c751e8b465ee728b)  -> (artifact id: '3a7d3393c53be4adbe72024d640dce5d') in 0.008100 seconds 
  Import took 0.012025 seconds .

========================================================================
Received Import Request.
  Time since last request: 0.000200 seconds.
  path: Assets/TileMap/Middle.asset
  artifactKey: Guid(dcb47a7a87bd45746995c3f086a1c475) Importer(815301076,1909f56bfc062723c751e8b465ee728b)
Start importing Assets/TileMap/Middle.asset using Guid(dcb47a7a87bd45746995c3f086a1c475) Importer(815301076,1909f56bfc062723c751e8b465ee728b)  -> (artifact id: '301c00ab049c5bd00c19414ebd00f541') in 0.012845 seconds 
  Import took 0.016172 seconds .

========================================================================
Received Import Request.
  Time since last request: 0.000208 seconds.
  path: Assets/TileMap/Spike.asset
  artifactKey: Guid(a423a3fec90c03c47a8eec7f00b08d30) Importer(815301076,1909f56bfc062723c751e8b465ee728b)
Start importing Assets/TileMap/Spike.asset using Guid(a423a3fec90c03c47a8eec7f00b08d30) Importer(815301076,1909f56bfc062723c751e8b465ee728b)  -> (artifact id: 'd1c89349f6182fe6be1c082494df570b') in 0.012656 seconds 
  Import took 0.016127 seconds .

========================================================================
Received Import Request.
  Time since last request: 0.000179 seconds.
  path: Assets/TileMap/Top Right.asset
  artifactKey: Guid(15008c0957e45234da495b827c0ecf12) Importer(815301076,1909f56bfc062723c751e8b465ee728b)
Start importing Assets/TileMap/Top Right.asset using Guid(15008c0957e45234da495b827c0ecf12) Importer(815301076,1909f56bfc062723c751e8b465ee728b)  -> (artifact id: 'd070c0d8835db65cecc23b7ba72ae02e') in 0.012304 seconds 
  Import took 0.015505 seconds .

========================================================================
Received Import Request.
  Time since last request: 0.000175 seconds.
  path: Assets/TileMap/Top Left.asset
  artifactKey: Guid(025933abce74b4c4084d52e7e9d73144) Importer(815301076,1909f56bfc062723c751e8b465ee728b)
Start importing Assets/TileMap/Top Left.asset using Guid(025933abce74b4c4084d52e7e9d73144) Importer(815301076,1909f56bfc062723c751e8b465ee728b)  -> (artifact id: 'b4430ce9319e712d79a40688add691a3') in 0.015302 seconds 
  Import took 0.018451 seconds .

========================================================================
Received Import Request.
  Time since last request: 0.000183 seconds.
  path: Assets/TileMap/Single Left.asset
  artifactKey: Guid(404530ac5dbf8df499f69fef85763c37) Importer(815301076,1909f56bfc062723c751e8b465ee728b)
Start importing Assets/TileMap/Single Left.asset using Guid(404530ac5dbf8df499f69fef85763c37) Importer(815301076,1909f56bfc062723c751e8b465ee728b)  -> (artifact id: 'c6e969052ac61f2478c9aea78e331674') in 0.007499 seconds 
  Import took 0.010813 seconds .

========================================================================
Received Import Request.
  Time since last request: 0.000211 seconds.
  path: Assets/TileMap/Bottom Right.asset
  artifactKey: Guid(f6bacb774c3044043b9c8c27667ca5a6) Importer(815301076,1909f56bfc062723c751e8b465ee728b)
Start importing Assets/TileMap/Bottom Right.asset using Guid(f6bacb774c3044043b9c8c27667ca5a6) Importer(815301076,1909f56bfc062723c751e8b465ee728b)  -> (artifact id: '7b206f02e002fea498c27d38df23979b') in 0.010489 seconds 
  Import took 0.014129 seconds .

========================================================================
Received Import Request.
  Time since last request: 0.000238 seconds.
  path: Assets/TileMap/Top.asset
  artifactKey: Guid(61c4e5442736ae54493a6be414e3ca8e) Importer(815301076,1909f56bfc062723c751e8b465ee728b)
Start importing Assets/TileMap/Top.asset using Guid(61c4e5442736ae54493a6be414e3ca8e) Importer(815301076,1909f56bfc062723c751e8b465ee728b)  -> (artifact id: '6ef73bacbf276e798dab4f9406ed92d6') in 0.018892 seconds 
  Import took 0.022400 seconds .

========================================================================
Received Import Request.
  Time since last request: 0.000191 seconds.
  path: Assets/TileMap/Single Right.asset
  artifactKey: Guid(80c3782e131d6dd48b286916ba22662d) Importer(815301076,1909f56bfc062723c751e8b465ee728b)
Start importing Assets/TileMap/Single Right.asset using Guid(80c3782e131d6dd48b286916ba22662d) Importer(815301076,1909f56bfc062723c751e8b465ee728b)  -> (artifact id: '4a2a0ecc6142e671b025a68c0a7d79c1') in 0.008488 seconds 
  Import took 0.011819 seconds .

========================================================================
Received Import Request.
  Time since last request: 0.000175 seconds.
  path: Assets/TileMap/Middle Right.asset
  artifactKey: Guid(325b5eb8b36bbf54b863bf58c2717d5d) Importer(815301076,1909f56bfc062723c751e8b465ee728b)
Start importing Assets/TileMap/Middle Right.asset using Guid(325b5eb8b36bbf54b863bf58c2717d5d) Importer(815301076,1909f56bfc062723c751e8b465ee728b)  -> (artifact id: '0b284b92b5c538aeb527305532d6fac5') in 0.005926 seconds 
  Import took 0.010025 seconds .

AssetImportWorkerClient::OnTransportError - code=2 error=End of file
